Time elapsed=4.20.000005
0.000005	0.000005	0.000005	0.000005	0.000005	0.000005	0.000005	0.000005	0.000005	0.000005	0.000005Time elapsed=4.20.000004
0.000004	0.000004	0.000004	0.000004	0.000004	0.000004	0.000004	0.000004	0.000004	0.000004	0.000004	0.000004	0.000004	0.000004	0.000004	0.000004	
0.000004	0.000004	0.000004	0.000004	0.000004	0.000004	0.000004	0.000004	0.000004	0.000004	0.000004	0.000004	0.000004	0.000004	0.000004	0.000004	
0.000004	0.000004	0.000004	0.000004	0.000004	0.000004	0.000004	0.000004	0.000004	0.000004	0.000004	0.000004	0.000004	0.000004	0.000004	0.000004	
0.000004	0.000004	0.000004	0.000004	0.000004	0.000004	0.000004	0.000004	0.000004	0.000004		0.000005	0.000005	0.000005	0.000005	0.000005	
0.000005	0.000005	0.000005	0.000005	0.000005	0.000005	0.000005	0.000005	0.0000050.000004	0.000004	0.000004	0.000004	0.000004	0.000004	
0.000004	0.000004	0.000004	0.000004	0.000004	0.000004	0.000004	0.000005	0.000005	0.000005	0.000005	0.000005	0.000005	0.000005	
0.000005	0.000005	0.000005	0.000005	0.000005	0.000005	0.000005	0.000005	0.000005	0.000005	0.000005	0.000005	0.000005	0.000005	0.000005	0.000005	
	0.000004	0.000004	0.000004	0.000004	0.000004	0.000004	0.000004	0.000004	0.000004	
0.000004	0.000004	0.000004	0.000004	0.000004	0.000004	0.000004	0.000004	0.000004	0.000004	0.000004	0.000004	0.000004	0.000004	0.000004	0.0000040.000005	0.000005	0.000005	0.000005	0.000005	0.000005	0.000005	0.000005		
0.000004	0.000004	0.000004	0.000004	0.000004	0.0000040.000005	0.000005	0.000005	0.000005	0.000005	0.000005	0.000005	0.000005	
0.000005	0.000005	0.000005		0.000004	0.000004	0.000004	0.000004	0.000004	0.000004	0.000004	0.000004	0.000004	0.000004	
0.000004	0.000004	0.000004	0.000004	0.0000040.000005	0.000005	0.000005	0.000005	0.000005	0.000005	0.000005	0.000005		0.000004	0.000004	0.000004	0.000004	0.000004	0.000004	0.000004	0.000004	0.000004	0.000004	0.000004	
0.000005	0.000005	0.000005	0.000005	0.000005	
0.000005	0.000005	0.000005	0.000005	0.000005	0.000005	0.000004	0.000004	0.000004	0.000004	0.000004	0.000004	0.000004	0.000004	0.000004	0.000004	0.000004	0.000004	0.000004	0.000004	0.000004	0.000004	0.000005	0.000005	0.000005	0.000005	0.000005	0.000005	0.000005	0.000005	0.000005
0.000004	0.000004	0.000004	0.000004	0.000004	0.000004	0.000004	0.000004		0.000005	
0.000005	0.000005	0.000005	0.000005	0.000005	0.000005	0.000005	0.000005	0.000004	0.000004	0.000004	0.000004	0.000004	0.000004	0.000004	0.000004	
0.000004	0.000004	0.000004	0.000004	0.0000040.000005	0.000005	0.000005	0.000005	0.000005	0.000005	0.000005	0.000005	
0.000005	0.000005	0.000005	0.000005	0.000005	0.000005	0.000005	0.000005	0.000005	0.000005	0.000005	0.000005	0.000005	0.000005	0.000005	0.000005	
0.000005	0.000005		0.000004	0.000004	0.000004	0.000004	0.000004	0.000004	0.000004	0.000004	0.000004	0.000004	0.000004	
0.000004	0.000004	0.000004	0.000004	0.000004	0.000004	0.000004	0.000004	0.000004	0.000004	0.000004	0.000004	0.000004	0.000004	0.000004	0.000004	
0.000004	0.000004	0.000004	0.000004	0.000004	0.000004	0.000004	0.000004	0.000004	0.000004	0.000004	0.000004	0.000004	0.000004	0.000004	0.000004	
0.000004	0.000004	0.000004	0.000004	0.000004	0.000004	0.000004	0.000004	0.000004	0.000004	0.000004	0.000004	0.000004	0.000004	0.000004	0.000004	
0.000004	0.000004	0.000004	0.000004	0.0000040.000005	0.000005	0.000005	0.000005	0.000005	0.000005	0.000005	0.000005	0.000004	0.000004	0.000004	0.000004	0.000004	0.000004	0.000004	0.000004	0.000004	0.000004	0.000004	
	0.000005	0.000005	0.000005	0.000005	0.000005	0.000005	
0.000004	0.000004	0.000004	0.000004	0.000004	0.000004	0.000005	0.000005	0.000005	0.000005	0.000005	0.000005	0.000005	0.000005	0.000005	0.000005	0.000005	0.000004	0.000004	0.000004	0.000004	0.000004	0.000004	0.000004	0.000004	0.000004	0.000004	
0.000005	0.000005	0.000005	0.000005	0.000005	
0.000005	0.000005	0.000005	0.000005	0.000005	0.000005	0.000005	0.000005	0.000005	0.000005	0.000005	0.000005	0.000005	0.000005	0.000005	0.000005	
0.000005	0.000005	0.000005	0.000005	0.000005	0.000005	0.000005	0.000005	0.000005	0.000005	0.000005	0.000005	0.000005	0.000005	0.000005	0.000005	
0.000005	0.000005	0.000005	0.000005	0.000005	0.000005	0.000005	0.000005	0.000005	0.000005	0.000005	0.000005	0.000005	0.000005	0.000005	0.000005	
0.000005	0.000005	0.000005	0.000005	0.000005	0.000005	0.000005	0.000005	0.000005	0.000005	0.000005	0.000005	0.000005	0.000005	0.000005	0.000005	
0.000005	0.000005	0.000005	0.000005	0.000005	0.000005	0.000005	0.000005	0.000005	0.000005	0.000005	0.000005	0.000005	0.000005	0.000005	0.000005	
0.000005	0.000005	0.000005	0.000005	0.000005	0.000005	0.000005	0.000005	0.000005	0.000005	0.000005	0.000005	0.000005	0.000005	0.000005	0.000005	
