--------------------------------------------------------------------------
WARNING: No preset parameters were found for the device that Open MPI
detected:

  Local host:            cn01
  Device name:           mlx5_0
  Device vendor ID:      0x02c9
  Device vendor part ID: 4125

Default device parameters will be used, which may result in lower
performance.  You can edit any of the files specified by the
btl_openib_device_param_files MCA parameter to set values for your
device.

NOTE: You can turn off this warning by setting the MCA parameter
      btl_openib_warn_no_device_params_found to 0.
--------------------------------------------------------------------------
--------------------------------------------------------------------------
No OpenFabrics connection schemes reported that they were able to be
used on a specific port.  As such, the openib BTL (OpenFabrics
support) will be disabled for this port.

  Local host:           cn01
  Local device:         mlx5_0
  Local port:           1
  CPCs attempted:       rdmacm, udcm
--------------------------------------------------------------------------
[cn01:48314] *** Process received signal ***
[cn01:48314] Signal: Segmentation fault (11)
[cn01:48314] Signal code: Invalid permissions (2)
[cn01:48314] Failing at address: 0x7fffaea4b866
[cn01:48314] [ 0] /lib64/libpthread.so.0(+0xf630)[0x7fb6a6c25630]
[cn01:48314] [ 1] [0x7fffaea4b866]
[cn01:48314] *** End of error message ***
[cn01:48313] *** Process received signal ***
[cn01:48313] Signal: Segmentation fault (11)
[cn01:48313] Signal code: Invalid permissions (2)
[cn01:48313] Failing at address: 0x7ffff7084866
[cn01:48313] [ 0] /lib64/libpthread.so.0(+0xf630)[0x7f6e5bb5d630]
[cn01:48313] [ 1] [0x7ffff7084866]
[cn01:48313] *** End of error message ***
--------------------------------------------------------------------------
Primary job  terminated normally, but 1 process returned
a non-zero exit code. Per user-direction, the job has been aborted.
--------------------------------------------------------------------------
--------------------------------------------------------------------------
mpirun noticed that process rank 1 with PID 0 on node cn01 exited on signal 11 (Segmentation fault).
--------------------------------------------------------------------------
[cn01:48302] 1 more process has sent help message help-mpi-btl-openib.txt / no device params found
[cn01:48302] Set MCA parameter "orte_base_help_aggregate" to 0 to see all help / error messages
[cn01:48302] 1 more process has sent help message help-mpi-btl-openib-cpc-base.txt / no cpcs for port
